1603090734825	mozrunner::runner	INFO	Running command: "C:\\Program Files\\Mozilla Firefox\\firefox.exe" "-marionette" "-foreground" "-no-remote" "-profile" "C:\\Users\\ADMINI~1\\AppData\\Local\\Temp\\rust_mozprofile.IKcpYi7PdQ5p"
Can't find symbol 'eglSwapBuffersWithDamageEXT'.
JavaScript error: resource://gre/modules/XULStore.jsm, line 66: Error: Can't find profile directory.
1603090739813	Marionette	INFO	Listening on port 24495
1603090740066	Marionette	WARN	TLS certificate errors will be ignored for this session
JavaScript warning: http://t1.itsmore.com:62046/Content/jquery/jquery-1.10.2.min.js, line 19: Using //@ to indicate sourceMappingURL pragmas is deprecated. Use //# instead
JavaScript warning: http://t1.itsmore.com:62046/Content/jquery/jquery-1.10.2.min.js, line 19: Using //@ to indicate sourceMappingURL pragmas is deprecated. Use //# instead
JavaScript warning: http://t1.itsmore.com:62046/Views/LR_Content/plugin/im/lr-im.js, line 204: unreachable code after return statement
JavaScript warning: http://t1.itsmore.com:62046/Content/jquery/jquery-1.10.2.min.js, line 19: Using //@ to indicate sourceMappingURL pragmas is deprecated. Use //# instead
JavaScript warning: http://t1.itsmore.com:62046/Content/jquery/jquery-1.10.2.min.js, line 19: Using //@ to indicate sourceMappingURL pragmas is deprecated. Use //# instead
JavaScript warning: http://t1.itsmore.com:62046/LR_WorkFlowModule/WfMyTask/CustmerWorkFlowForm?tabIframeId=1fd07fe6-803d-4a6a-9fe1-8bcd26d04557&type=1&processId=22b40be8-8f27-d5de-5313-0bc7a51b4650&taskId=1fd07fe6-803d-4a6a-9fe1-8bcd26d04557, line 1218: unreachable code after return statement
JavaScript warning: http://t1.itsmore.com:62046/LR_WorkFlowModule/WfMyTask/CustmerWorkFlowForm?tabIframeId=1fd07fe6-803d-4a6a-9fe1-8bcd26d04557&type=1&processId=22b40be8-8f27-d5de-5313-0bc7a51b4650&taskId=1fd07fe6-803d-4a6a-9fe1-8bcd26d04557, line 1325: unreachable code after return statement
JavaScript warning: http://t1.itsmore.com:62046/LR_WorkFlowModule/WfMyTask/CustmerWorkFlowForm?tabIframeId=1fd07fe6-803d-4a6a-9fe1-8bcd26d04557&type=1&processId=22b40be8-8f27-d5de-5313-0bc7a51b4650&taskId=1fd07fe6-803d-4a6a-9fe1-8bcd26d04557, line 1401: unreachable code after return statement
JavaScript warning: http://t1.itsmore.com:62046/Views/LR_Content/plugin/im/lr-im.js, line 204: unreachable code after return statement
JavaScript warning: http://t1.itsmore.com:62046/LR_WorkFlowModule/WfMyTask/CustmerWorkFlowForm?tabIframeId=a53c79cf-8e40-469a-8785-49461f4200a9&type=1&processId=22b40be8-8f27-d5de-5313-0bc7a51b4650&taskId=a53c79cf-8e40-469a-8785-49461f4200a9, line 1218: unreachable code after return statement
JavaScript warning: http://t1.itsmore.com:62046/LR_WorkFlowModule/WfMyTask/CustmerWorkFlowForm?tabIframeId=a53c79cf-8e40-469a-8785-49461f4200a9&type=1&processId=22b40be8-8f27-d5de-5313-0bc7a51b4650&taskId=a53c79cf-8e40-469a-8785-49461f4200a9, line 1325: unreachable code after return statement
JavaScript warning: http://t1.itsmore.com:62046/LR_WorkFlowModule/WfMyTask/CustmerWorkFlowForm?tabIframeId=a53c79cf-8e40-469a-8785-49461f4200a9&type=1&processId=22b40be8-8f27-d5de-5313-0bc7a51b4650&taskId=a53c79cf-8e40-469a-8785-49461f4200a9, line 1401: unreachable code after return statement
JavaScript warning: http://t1.itsmore.com:62046/Views/LR_Content/plugin/im/lr-im.js, line 204: unreachable code after return statement
JavaScript warning: http://t1.itsmore.com:62046/LR_WorkFlowModule/WfMyTask/CustmerWorkFlowForm?tabIframeId=0ce015c2-7c21-4dc2-bacf-01ff17442f4e&type=1&processId=22b40be8-8f27-d5de-5313-0bc7a51b4650&taskId=0ce015c2-7c21-4dc2-bacf-01ff17442f4e, line 1218: unreachable code after return statement
JavaScript warning: http://t1.itsmore.com:62046/LR_WorkFlowModule/WfMyTask/CustmerWorkFlowForm?tabIframeId=0ce015c2-7c21-4dc2-bacf-01ff17442f4e&type=1&processId=22b40be8-8f27-d5de-5313-0bc7a51b4650&taskId=0ce015c2-7c21-4dc2-bacf-01ff17442f4e, line 1325: unreachable code after return statement
JavaScript warning: http://t1.itsmore.com:62046/LR_WorkFlowModule/WfMyTask/CustmerWorkFlowForm?tabIframeId=0ce015c2-7c21-4dc2-bacf-01ff17442f4e&type=1&processId=22b40be8-8f27-d5de-5313-0bc7a51b4650&taskId=0ce015c2-7c21-4dc2-bacf-01ff17442f4e, line 1401: unreachable code after return statement
